<?xml version="1.0" encoding="UTF-8"?>
<!-- Generated by org.testng.reporters.JUnitReportReporter -->
<testsuite skipped="0" hostname="admin-PC" name="spkm.SPK" tests="1" failures="0" timestamp="16 Jul 2017 07:08:33 GMT" time="16.743" errors="0">
  <testcase name="main" time="16.743" classname="spkm.SPK"/>
</testsuite> <!-- spkm.SPK -->
