<?xml version="1.0" encoding="UTF-8"?>
<!-- Generated by org.testng.reporters.JUnitReportReporter -->
<testsuite skipped="0" hostname="admin-PC" name="spkm.SPK" tests="1" failures="0" timestamp="15 Jul 2017 14:49:29 GMT" time="13.122" errors="0">
  <testcase name="main" time="13.122" classname="spkm.SPK"/>
</testsuite> <!-- spkm.SPK -->
